\BOOKMARK [1][-]{section.1}{کتابخانه‌های موردنیاز}{}% 1
\BOOKMARK [1][-]{section.2}{Optimizer و Activation Function ها}{}% 2
\BOOKMARK [2][-]{subsection.2.1}{Optimizer ها}{section.2}% 3
\BOOKMARK [2][-]{subsection.2.2}{Activation Function ها}{section.2}% 4
\BOOKMARK [1][-]{section.3}{بخش اول}{}% 5
\BOOKMARK [2][-]{subsection.3.1}{توضیحات کد}{section.3}% 6
\BOOKMARK [2][-]{subsection.3.2}{نتایج}{section.3}% 7
\BOOKMARK [1][-]{section.4}{بخش دوم}{}% 8
\BOOKMARK [2][-]{subsection.4.1}{توضیحات کد}{section.4}% 9
\BOOKMARK [2][-]{subsection.4.2}{نتایج}{section.4}% 10
\BOOKMARK [1][-]{section.5}{بخش سوم}{}% 11
\BOOKMARK [2][-]{subsection.5.1}{توضیحات کد}{section.5}% 12
\BOOKMARK [2][-]{subsection.5.2}{نتایج}{section.5}% 13
\BOOKMARK [1][-]{section.6}{بخش چهارم}{}% 14
\BOOKMARK [2][-]{subsection.6.1}{توضیحات کد}{section.6}% 15
\BOOKMARK [2][-]{subsection.6.2}{نتایج}{section.6}% 16
\BOOKMARK [1][-]{section.7}{بخش پنجم}{}% 17
\BOOKMARK [2][-]{subsection.7.1}{توضیحات کد}{section.7}% 18
\BOOKMARK [2][-]{subsection.7.2}{نتایج}{section.7}% 19
\BOOKMARK [1][-]{section.8}{بخش ششم}{}% 20
\BOOKMARK [2][-]{subsection.8.1}{توضیحات کد}{section.8}% 21
\BOOKMARK [2][-]{subsection.8.2}{نتایج}{section.8}% 22
\BOOKMARK [1][-]{section.9}{بخش هفتم}{}% 23
\BOOKMARK [1][-]{section.10}{رابط کاربری}{}% 24
\BOOKMARK [2][-]{subsection.10.1}{بخش اول}{section.10}% 25
\BOOKMARK [2][-]{subsection.10.2}{بخش دوم}{section.10}% 26
\BOOKMARK [2][-]{subsection.10.3}{بخش سوم}{section.10}% 27
\BOOKMARK [2][-]{subsection.10.4}{بخش چهارم}{section.10}% 28
\BOOKMARK [2][-]{subsection.10.5}{بخش پنجم}{section.10}% 29
\BOOKMARK [2][-]{subsection.10.6}{بخش ششم}{section.10}% 30
\BOOKMARK [1][-]{section.11}{چالش‌ها}{}% 31
